[0817/151138:ERROR:process_reader_win.cc(233)] ReadMemory at 0x71ca56b4 of 28 bytes failed: Only part of a ReadProcessMemory or WriteProcessMemory request was completed. (0x12B)
[0817/151138:WARNING:pe_image_reader.cc(135)] could not read data directory from C:\Windows\system32\WINSPOOL.DRV
[0817/151138:ERROR:process_reader_win.cc(233)] ReadMemory at 0x74f40000 of 64 bytes failed: Only part of a ReadProcessMemory or WriteProcessMemory request was completed. (0x12B)
[0817/151138:WARNING:pe_image_reader.cc(281)] could not read dos header from C:\Windows\WinSxS\x86_microsoft.windows.common-controls_6595b64144ccf1df_6.0.7601.17514_none_41e6975e2bd6f2b2\COMCTL32.dll
[0817/151138:ERROR:process_reader_win.cc(233)] ReadMemory at 0x77830000 of 64 bytes failed: Only part of a ReadProcessMemory or WriteProcessMemory request was completed. (0x12B)
[0817/151138:WARNING:pe_image_reader.cc(281)] could not read dos header from C:\Windows\system32\COMDLG32.dll
[0817/151138:ERROR:process_reader_win.cc(233)] ReadMemory at 0x766c0000 of 64 bytes failed: Only part of a ReadProcessMemory or WriteProcessMemory request was completed. (0x12B)
[0817/151138:WARNING:pe_image_reader.cc(281)] could not read dos header from C:\Windows\system32\ole32.dll
[0817/151138:ERROR:process_reader_win.cc(233)] ReadMemory at 0x77ab0000 of 64 bytes failed: Only part of a ReadProcessMemory or WriteProcessMemory request was completed. (0x12B)
[0817/151138:WARNING:pe_image_reader.cc(281)] could not read dos header from C:\Windows\system32\OLEAUT32.dll
[0817/151138:ERROR:process_reader_win.cc(233)] ReadMemory at 0x76820000 of 64 bytes failed: Only part of a ReadProcessMemory or WriteProcessMemory request was completed. (0x12B)
[0817/151138:WARNING:pe_image_reader.cc(281)] could not read dos header from C:\Windows\system32\NSI.dll
[0817/151138:ERROR:process_reader_win.cc(233)] ReadMemory at 0x74100000 of 64 bytes failed: Only part of a ReadProcessMemory or WriteProcessMemory request was completed. (0x12B)
[0817/151138:WARNING:pe_image_reader.cc(281)] could not read dos header from C:\Windows\system32\WINNSI.DLL
[0817/151138:ERROR:process_reader_win.cc(233)] ReadMemory at 0x74120000 of 64 bytes failed: Only part of a ReadProcessMemory or WriteProcessMemory request was completed. (0x12B)
[0817/151138:WARNING:pe_image_reader.cc(281)] could not read dos header from C:\Windows\system32\IPHLPAPI.DLL
[0817/151138:ERROR:process_reader_win.cc(233)] ReadMemory at 0x775d0000 of 64 bytes failed: Only part of a ReadProcessMemory or WriteProcessMemory request was completed. (0x12B)
[0817/151138:WARNING:pe_image_reader.cc(281)] could not read dos header from C:\Windows\system32\WS2_32.dll
[0817/151138:ERROR:process_reader_win.cc(233)] ReadMemory at 0x75f10000 of 64 bytes failed: Only part of a ReadProcessMemory or WriteProcessMemory request was completed. (0x12B)
[0817/151138:WARNING:pe_image_reader.cc(281)] could not read dos header from C:\Windows\system32\MSASN1.dll
[0817/151138:ERROR:process_reader_win.cc(233)] ReadMemory at 0x75f20000 of 64 bytes failed: Only part of a ReadProcessMemory or WriteProcessMemory request was completed. (0x12B)
[0817/151138:WARNING:pe_image_reader.cc(281)] could not read dos header from C:\Windows\system32\CRYPT32.dll
[0817/151138:ERROR:process_reader_win.cc(233)] ReadMemory at 0x76170000 of 64 bytes failed: Only part of a ReadProcessMemory or WriteProcessMemory request was completed. (0x12B)
[0817/151138:WARNING:pe_image_reader.cc(281)] could not read dos header from C:\Windows\system32\WINTRUST.dll
[0817/151138:ERROR:process_reader_win.cc(233)] ReadMemory at 0x75c80000 of 64 bytes failed: Only part of a ReadProcessMemory or WriteProcessMemory request was completed. (0x12B)
[0817/151138:WARNING:pe_image_reader.cc(281)] could not read dos header from C:\Windows\system32\Secur32.dll
[0817/151138:ERROR:process_reader_win.cc(233)] ReadMemory at 0x75db0000 of 64 bytes failed: Only part of a ReadProcessMemory or WriteProcessMemory request was completed. (0x12B)
[0817/151138:WARNING:pe_image_reader.cc(281)] could not read dos header from C:\Windows\system32\SSPICLI.DLL
[0817/151138:ERROR:process_reader_win.cc(233)] ReadMemory at 0x59e40000 of 64 bytes failed: Only part of a ReadProcessMemory or WriteProcessMemory request was completed. (0x12B)
[0817/151138:WARNING:pe_image_reader.cc(281)] could not read dos header from C:\Program Files\Google\Chrome\Application\52.0.2743.116\chrome_child.dll
[0817/151138:ERROR:process_reader_win.cc(233)] ReadMemory at 0x75e20000 of 64 bytes failed: Only part of a ReadProcessMemory or WriteProcessMemory request was completed. (0x12B)
[0817/151138:WARNING:pe_image_reader.cc(281)] could not read dos header from C:\Windows\system32\cryptbase.dll
[0817/151138:ERROR:process_reader_win.cc(233)] ReadMemory at 0x685b0000 of 64 bytes failed: Only part of a ReadProcessMemory or WriteProcessMemory request was completed. (0x12B)
[0817/151138:WARNING:pe_image_reader.cc(281)] could not read dos header from C:\Windows\system32\dwrite.dll
[0817/151138:ERROR:process_reader_win.cc(233)] ReadMemory at 0x77e2a000 of 5888 bytes failed: Only part of a ReadProcessMemory or WriteProcessMemory request was completed. (0x12B)
[0817/151138:ERROR:process_reader_win.cc(233)] ReadMemory at 0x20000 of 64 bytes failed: Only part of a ReadProcessMemory or WriteProcessMemory request was completed. (0x12B)
[0817/151138:WARNING:pe_image_reader.cc(281)] could not read dos header from C:\Program Files\Google\Chrome\Application\chrome.exe
[0817/151138:ERROR:process_reader_win.cc(233)] ReadMemory at 0x77d50000 of 64 bytes failed: Only part of a ReadProcessMemory or WriteProcessMemory request was completed. (0x12B)
[0817/151138:WARNING:pe_image_reader.cc(281)] could not read dos header from C:\Windows\SYSTEM32\ntdll.dll
[0817/151138:ERROR:process_reader_win.cc(233)] ReadMemory at 0x76120000 of 64 bytes failed: Only part of a ReadProcessMemory or WriteProcessMemory request was completed. (0x12B)
[0817/151138:WARNING:pe_image_reader.cc(281)] could not read dos header from C:\Windows\system32\KERNELBASE.dll
[0817/151138:ERROR:process_reader_win.cc(233)] ReadMemory at 0x77ea0000 of 64 bytes failed: Only part of a ReadProcessMemory or WriteProcessMemory request was completed. (0x12B)
[0817/151138:WARNING:pe_image_reader.cc(281)] could not read dos header from C:\Windows\system32\kernel32.dll
[0817/151138:ERROR:process_reader_win.cc(233)] ReadMemory at 0x77950000 of 64 bytes failed: Only part of a ReadProcessMemory or WriteProcessMemory request was completed. (0x12B)
[0817/151138:WARNING:pe_image_reader.cc(281)] could not read dos header from C:\Windows\system32\msvcrt.dll
[0817/151138:ERROR:process_reader_win.cc(233)] ReadMemory at 0x77a00000 of 64 bytes failed: Only part of a ReadProcessMemory or WriteProcessMemory request was completed. (0x12B)
[0817/151138:WARNING:pe_image_reader.cc(281)] could not read dos header from C:\Windows\system32\RPCRT4.dll
[0817/151138:ERROR:process_reader_win.cc(233)] ReadMemory at 0x775b0000 of 64 bytes failed: Only part of a ReadProcessMemory or WriteProcessMemory request was completed. (0x12B)
[0817/151138:WARNING:pe_image_reader.cc(281)] could not read dos header from C:\Windows\SYSTEM32\sechost.dll
[0817/151138:ERROR:process_reader_win.cc(233)] ReadMemory at 0x778b0000 of 64 bytes failed: Only part of a ReadProcessMemory or WriteProcessMemory request was completed. (0x12B)
[0817/151138:WARNING:pe_image_reader.cc(281)] could not read dos header from C:\Windows\system32\ADVAPI32.dll
[0817/151138:ERROR:process_reader_win.cc(233)] ReadMemory at 0x6b090000 of 64 bytes failed: Only part of a ReadProcessMemory or WriteProcessMemory request was completed. (0x12B)
[0817/151138:WARNING:pe_image_reader.cc(281)] could not read dos header from C:\Program Files\Google\Chrome\Application\52.0.2743.116\chrome_elf.dll
[0817/151138:ERROR:process_reader_win.cc(233)] ReadMemory at 0x753a0000 of 64 bytes failed: Only part of a ReadProcessMemory or WriteProcessMemory request was completed. (0x12B)
[0817/151138:WARNING:pe_image_reader.cc(281)] could not read dos header from C:\Windows\system32\VERSION.dll
[0817/151138:ERROR:process_reader_win.cc(233)] ReadMemory at 0x77610000 of 64 bytes failed: Only part of a ReadProcessMemory or WriteProcessMemory request was completed. (0x12B)
[0817/151138:WARNING:pe_image_reader.cc(281)] could not read dos header from C:\Windows\system32\USP10.dll
[0817/151138:ERROR:process_reader_win.cc(233)] ReadMemory at 0x77e90000 of 64 bytes failed: Only part of a ReadProcessMemory or WriteProcessMemory request was completed. (0x12B)
[0817/151138:WARNING:pe_image_reader.cc(281)] could not read dos header from C:\Windows\system32\LPK.dll
[0817/151138:ERROR:process_reader_win.cc(233)] ReadMemory at 0x77500000 of 64 bytes failed: Only part of a ReadProcessMemory or WriteProcessMemory request was completed. (0x12B)
[0817/151138:WARNING:pe_image_reader.cc(281)] could not read dos header from C:\Windows\system32\GDI32.dll
[0817/151138:ERROR:process_reader_win.cc(233)] ReadMemory at 0x76250000 of 64 bytes failed: Only part of a ReadProcessMemory or WriteProcessMemory request was completed. (0x12B)
[0817/151138:WARNING:pe_image_reader.cc(281)] could not read dos header from C:\Windows\system32\USER32.dll
[0817/151138:ERROR:process_reader_win.cc(233)] ReadMemory at 0x71ad0000 of 64 bytes failed: Only part of a ReadProcessMemory or WriteProcessMemory request was completed. (0x12B)
[0817/151138:WARNING:pe_image_reader.cc(281)] could not read dos header from C:\Windows\system32\WINMM.dll
[0817/151138:ERROR:process_reader_win.cc(233)] ReadMemory at 0x75ea0000 of 64 bytes failed: Only part of a ReadProcessMemory or WriteProcessMemory request was completed. (0x12B)
[0817/151138:WARNING:pe_image_reader.cc(281)] could not read dos header from C:\Windows\system32\profapi.dll
[0817/151138:ERROR:process_reader_win.cc(233)] ReadMemory at 0x75500000 of 64 bytes failed: Only part of a ReadProcessMemory or WriteProcessMemory request was completed. (0x12B)
[0817/151138:WARNING:pe_image_reader.cc(281)] could not read dos header from C:\Windows\system32\USERENV.dll
[0817/151138:ERROR:process_reader_win.cc(233)] ReadMemory at 0x74730000 of 64 bytes failed: Only part of a ReadProcessMemory or WriteProcessMemory request was completed. (0x12B)
[0817/151138:WARNING:pe_image_reader.cc(281)] could not read dos header from C:\Windows\system32\WTSAPI32.dll
[0817/151138:ERROR:process_reader_win.cc(233)] ReadMemory at 0x72040000 of 64 bytes failed: Only part of a ReadProcessMemory or WriteProcessMemory request was completed. (0x12B)
[0817/151138:WARNING:pe_image_reader.cc(281)] could not read dos header from C:\Windows\system32\webio.dll
[0817/151138:ERROR:process_reader_win.cc(233)] ReadMemory at 0x71fd0000 of 64 bytes failed: Only part of a ReadProcessMemory or WriteProcessMemory request was completed. (0x12B)
[0817/151138:WARNING:pe_image_reader.cc(281)] could not read dos header from C:\Windows\system32\WINHTTP.dll
[0817/151138:ERROR:process_reader_win.cc(233)] ReadMemory at 0x77b40000 of 64 bytes failed: Only part of a ReadProcessMemory or WriteProcessMemory request was completed. (0x12B)
[0817/151138:WARNING:pe_image_reader.cc(281)] could not read dos header from C:\Windows\system32\MSCTF.dll
[0817/151138:ERROR:process_reader_win.cc(233)] ReadMemory at 0x77710000 of 64 bytes failed: Only part of a ReadProcessMemory or WriteProcessMemory request was completed. (0x12B)
[0817/151138:WARNING:pe_image_reader.cc(281)] could not read dos header from C:\Windows\system32\IMM32.DLL
[0817/151138:ERROR:process_reader_win.cc(233)] ReadMemory at 0x776b0000 of 64 bytes failed: Only part of a ReadProcessMemory or WriteProcessMemory request was completed. (0x12B)
[0817/151138:WARNING:pe_image_reader.cc(281)] could not read dos header from C:\Windows\system32\SHLWAPI.dll
[0817/151138:ERROR:process_reader_win.cc(233)] ReadMemory at 0x76880000 of 64 bytes failed: Only part of a ReadProcessMemory or WriteProcessMemory request was completed. (0x12B)
[0817/151138:WARNING:pe_image_reader.cc(281)] could not read dos header from C:\Windows\system32\SHELL32.dll
[0817/151138:ERROR:process_reader_win.cc(233)] ReadMemory at 0x761b0000 of 64 bytes failed: Only part of a ReadProcessMemory or WriteProcessMemory request was completed. (0x12B)
[0817/151138:WARNING:pe_image_reader.cc(281)] could not read dos header from C:\Windows\system32\PSAPI.DLL
[0817/151138:ERROR:process_reader_win.cc(233)] ReadMemory at 0x71c70000 of 64 bytes failed: Only part of a ReadProcessMemory or WriteProcessMemory request was completed. (0x12B)
[0817/151138:WARNING:pe_image_reader.cc(281)] could not read dos header from C:\Windows\system32\WINSPOOL.DRV
[0817/151138:ERROR:process_reader_win.cc(233)] ReadMemory at 0x74f40000 of 64 bytes failed: Only part of a ReadProcessMemory or WriteProcessMemory request was completed. (0x12B)
[0817/151138:WARNING:pe_image_reader.cc(281)] could not read dos header from C:\Windows\WinSxS\x86_microsoft.windows.common-controls_6595b64144ccf1df_6.0.7601.17514_none_41e6975e2bd6f2b2\COMCTL32.dll
[0817/151138:ERROR:process_reader_win.cc(233)] ReadMemory at 0x77830000 of 64 bytes failed: Only part of a ReadProcessMemory or WriteProcessMemory request was completed. (0x12B)
[0817/151138:WARNING:pe_image_reader.cc(281)] could not read dos header from C:\Windows\system32\COMDLG32.dll
[0817/151138:ERROR:process_reader_win.cc(233)] ReadMemory at 0x766c0000 of 64 bytes failed: Only part of a ReadProcessMemory or WriteProcessMemory request was completed. (0x12B)
[0817/151138:WARNING:pe_image_reader.cc(281)] could not read dos header from C:\Windows\system32\ole32.dll
[0817/151138:ERROR:process_reader_win.cc(233)] ReadMemory at 0x77ab0000 of 64 bytes failed: Only part of a ReadProcessMemory or WriteProcessMemory request was completed. (0x12B)
[0817/151138:WARNING:pe_image_reader.cc(281)] could not read dos header from C:\Windows\system32\OLEAUT32.dll
[0817/151138:ERROR:process_reader_win.cc(233)] ReadMemory at 0x76820000 of 64 bytes failed: Only part of a ReadProcessMemory or WriteProcessMemory request was completed. (0x12B)
[0817/151138:WARNING:pe_image_reader.cc(281)] could not read dos header from C:\Windows\system32\NSI.dll
[0817/151138:ERROR:process_reader_win.cc(233)] ReadMemory at 0x74100000 of 64 bytes failed: Only part of a ReadProcessMemory or WriteProcessMemory request was completed. (0x12B)
[0817/151138:WARNING:pe_image_reader.cc(281)] could not read dos header from C:\Windows\system32\WINNSI.DLL
[0817/151138:ERROR:process_reader_win.cc(233)] ReadMemory at 0x74120000 of 64 bytes failed: Only part of a ReadProcessMemory or WriteProcessMemory request was completed. (0x12B)
[0817/151138:WARNING:pe_image_reader.cc(281)] could not read dos header from C:\Windows\system32\IPHLPAPI.DLL
[0817/151138:ERROR:process_reader_win.cc(233)] ReadMemory at 0x775d0000 of 64 bytes failed: Only part of a ReadProcessMemory or WriteProcessMemory request was completed. (0x12B)
[0817/151138:WARNING:pe_image_reader.cc(281)] could not read dos header from C:\Windows\system32\WS2_32.dll
[0817/151138:ERROR:process_reader_win.cc(233)] ReadMemory at 0x75f10000 of 64 bytes failed: Only part of a ReadProcessMemory or WriteProcessMemory request was completed. (0x12B)
[0817/151138:WARNING:pe_image_reader.cc(281)] could not read dos header from C:\Windows\system32\MSASN1.dll
[0817/151138:ERROR:process_reader_win.cc(233)] ReadMemory at 0x75f20000 of 64 bytes failed: Only part of a ReadProcessMemory or WriteProcessMemory request was completed. (0x12B)
[0817/151138:WARNING:pe_image_reader.cc(281)] could not read dos header from C:\Windows\system32\CRYPT32.dll
[0817/151138:ERROR:process_reader_win.cc(233)] ReadMemory at 0x76170000 of 64 bytes failed: Only part of a ReadProcessMemory or WriteProcessMemory request was completed. (0x12B)
[0817/151138:WARNING:pe_image_reader.cc(281)] could not read dos header from C:\Windows\system32\WINTRUST.dll
[0817/151138:ERROR:process_reader_win.cc(233)] ReadMemory at 0x75c80000 of 64 bytes failed: Only part of a ReadProcessMemory or WriteProcessMemory request was completed. (0x12B)
[0817/151138:WARNING:pe_image_reader.cc(281)] could not read dos header from C:\Windows\system32\Secur32.dll
[0817/151138:ERROR:process_reader_win.cc(233)] ReadMemory at 0x75db0000 of 64 bytes failed: Only part of a ReadProcessMemory or WriteProcessMemory request was completed. (0x12B)
[0817/151138:WARNING:pe_image_reader.cc(281)] could not read dos header from C:\Windows\system32\SSPICLI.DLL
[0817/151138:ERROR:process_reader_win.cc(233)] ReadMemory at 0x59e40000 of 64 bytes failed: Only part of a ReadProcessMemory or WriteProcessMemory request was completed. (0x12B)
[0817/151138:WARNING:pe_image_reader.cc(281)] could not read dos header from C:\Program Files\Google\Chrome\Application\52.0.2743.116\chrome_child.dll
[0817/151138:ERROR:process_reader_win.cc(233)] ReadMemory at 0x75e20000 of 64 bytes failed: Only part of a ReadProcessMemory or WriteProcessMemory request was completed. (0x12B)
[0817/151138:WARNING:pe_image_reader.cc(281)] could not read dos header from C:\Windows\system32\cryptbase.dll
[0817/151138:ERROR:process_reader_win.cc(233)] ReadMemory at 0x685b0000 of 64 bytes failed: Only part of a ReadProcessMemory or WriteProcessMemory request was completed. (0x12B)
[0817/151138:WARNING:pe_image_reader.cc(281)] could not read dos header from C:\Windows\system32\dwrite.dll
[0817/151138:ERROR:process_reader_win.cc(99)] process 1352 not found
[0817/151138:ERROR:process_reader_win.cc(233)] ReadMemory at 0x20000 of 64 bytes failed: Only part of a ReadProcessMemory or WriteProcessMemory request was completed. (0x12B)
[0817/151138:WARNING:pe_image_reader.cc(281)] could not read dos header from C:\Program Files\Google\Chrome\Application\chrome.exe
[0817/151138:ERROR:process_reader_win.cc(233)] ReadMemory at 0x77d50000 of 64 bytes failed: Only part of a ReadProcessMemory or WriteProcessMemory request was completed. (0x12B)
[0817/151138:WARNING:pe_image_reader.cc(281)] could not read dos header from C:\Windows\SYSTEM32\ntdll.dll
[0817/151138:ERROR:process_reader_win.cc(233)] ReadMemory at 0x76120000 of 64 bytes failed: Only part of a ReadProcessMemory or WriteProcessMemory request was completed. (0x12B)
[0817/151138:WARNING:pe_image_reader.cc(281)] could not read dos header from C:\Windows\system32\KERNELBASE.dll
[0817/151138:ERROR:process_reader_win.cc(233)] ReadMemory at 0x77ea0000 of 64 bytes failed: Only part of a ReadProcessMemory or WriteProcessMemory request was completed. (0x12B)
[0817/151138:WARNING:pe_image_reader.cc(281)] could not read dos header from C:\Windows\system32\kernel32.dll
[0817/151138:ERROR:process_reader_win.cc(233)] ReadMemory at 0x77950000 of 64 bytes failed: Only part of a ReadProcessMemory or WriteProcessMemory request was completed. (0x12B)
[0817/151138:WARNING:pe_image_reader.cc(281)] could not read dos header from C:\Windows\system32\msvcrt.dll
[0817/151138:ERROR:process_reader_win.cc(233)] ReadMemory at 0x77a00000 of 64 bytes failed: Only part of a ReadProcessMemory or WriteProcessMemory request was completed. (0x12B)
[0817/151138:WARNING:pe_image_reader.cc(281)] could not read dos header from C:\Windows\system32\RPCRT4.dll
[0817/151138:ERROR:process_reader_win.cc(233)] ReadMemory at 0x775b0000 of 64 bytes failed: Only part of a ReadProcessMemory or WriteProcessMemory request was completed. (0x12B)
[0817/151138:WARNING:pe_image_reader.cc(281)] could not read dos header from C:\Windows\SYSTEM32\sechost.dll
[0817/151138:ERROR:process_reader_win.cc(233)] ReadMemory at 0x778b0000 of 64 bytes failed: Only part of a ReadProcessMemory or WriteProcessMemory request was completed. (0x12B)
[0817/151138:WARNING:pe_image_reader.cc(281)] could not read dos header from C:\Windows\system32\ADVAPI32.dll
[0817/151138:ERROR:process_reader_win.cc(233)] ReadMemory at 0x6b090000 of 64 bytes failed: Only part of a ReadProcessMemory or WriteProcessMemory request was completed. (0x12B)
[0817/151138:WARNING:pe_image_reader.cc(281)] could not read dos header from C:\Program Files\Google\Chrome\Application\52.0.2743.116\chrome_elf.dll
[0817/151138:ERROR:process_reader_win.cc(233)] ReadMemory at 0x753a0000 of 64 bytes failed: Only part of a ReadProcessMemory or WriteProcessMemory request was completed. (0x12B)
[0817/151138:WARNING:pe_image_reader.cc(281)] could not read dos header from C:\Windows\system32\VERSION.dll
[0817/151138:ERROR:process_reader_win.cc(233)] ReadMemory at 0x77610000 of 64 bytes failed: Only part of a ReadProcessMemory or WriteProcessMemory request was completed. (0x12B)
[0817/151138:WARNING:pe_image_reader.cc(281)] could not read dos header from C:\Windows\system32\USP10.dll
[0817/151138:ERROR:process_reader_win.cc(233)] ReadMemory at 0x77e90000 of 64 bytes failed: Only part of a ReadProcessMemory or WriteProcessMemory request was completed. (0x12B)
[0817/151138:WARNING:pe_image_reader.cc(281)] could not read dos header from C:\Windows\system32\LPK.dll
[0817/151138:ERROR:process_reader_win.cc(233)] ReadMemory at 0x77500000 of 64 bytes failed: Only part of a ReadProcessMemory or WriteProcessMemory request was completed. (0x12B)
[0817/151138:WARNING:pe_image_reader.cc(281)] could not read dos header from C:\Windows\system32\GDI32.dll
[0817/151138:ERROR:process_reader_win.cc(233)] ReadMemory at 0x76250000 of 64 bytes failed: Only part of a ReadProcessMemory or WriteProcessMemory request was completed. (0x12B)
[0817/151138:WARNING:pe_image_reader.cc(281)] could not read dos header from C:\Windows\system32\USER32.dll
[0817/151138:ERROR:process_reader_win.cc(233)] ReadMemory at 0x71ad0000 of 64 bytes failed: Only part of a ReadProcessMemory or WriteProcessMemory request was completed. (0x12B)
[0817/151138:WARNING:pe_image_reader.cc(281)] could not read dos header from C:\Windows\system32\WINMM.dll
[0817/151138:ERROR:process_reader_win.cc(233)] ReadMemory at 0x75ea0000 of 64 bytes failed: Only part of a ReadProcessMemory or WriteProcessMemory request was completed. (0x12B)
[0817/151138:WARNING:pe_image_reader.cc(281)] could not read dos header from C:\Windows\system32\profapi.dll
[0817/151138:ERROR:process_reader_win.cc(233)] ReadMemory at 0x75500000 of 64 bytes failed: Only part of a ReadProcessMemory or WriteProcessMemory request was completed. (0x12B)
[0817/151138:WARNING:pe_image_reader.cc(281)] could not read dos header from C:\Windows\system32\USERENV.dll
[0817/151138:ERROR:process_reader_win.cc(233)] ReadMemory at 0x74730000 of 64 bytes failed: Only part of a ReadProcessMemory or WriteProcessMemory request was completed. (0x12B)
[0817/151138:WARNING:pe_image_reader.cc(281)] could not read dos header from C:\Windows\system32\WTSAPI32.dll
[0817/151138:ERROR:process_reader_win.cc(233)] ReadMemory at 0x72040000 of 64 bytes failed: Only part of a ReadProcessMemory or WriteProcessMemory request was completed. (0x12B)
[0817/151138:WARNING:pe_image_reader.cc(281)] could not read dos header from C:\Windows\system32\webio.dll
[0817/151138:ERROR:process_reader_win.cc(233)] ReadMemory at 0x71fd0000 of 64 bytes failed: Only part of a ReadProcessMemory or WriteProcessMemory request was completed. (0x12B)
[0817/151138:WARNING:pe_image_reader.cc(281)] could not read dos header from C:\Windows\system32\WINHTTP.dll
[0817/151138:ERROR:process_reader_win.cc(233)] ReadMemory at 0x77b40000 of 64 bytes failed: Only part of a ReadProcessMemory or WriteProcessMemory request was completed. (0x12B)
[0817/151138:WARNING:pe_image_reader.cc(281)] could not read dos header from C:\Windows\system32\MSCTF.dll
[0817/151138:ERROR:process_reader_win.cc(233)] ReadMemory at 0x77710000 of 64 bytes failed: Only part of a ReadProcessMemory or WriteProcessMemory request was completed. (0x12B)
[0817/151138:WARNING:pe_image_reader.cc(281)] could not read dos header from C:\Windows\system32\IMM32.DLL
[0817/151138:ERROR:process_reader_win.cc(233)] ReadMemory at 0x776b0000 of 64 bytes failed: Only part of a ReadProcessMemory or WriteProcessMemory request was completed. (0x12B)
[0817/151138:WARNING:pe_image_reader.cc(281)] could not read dos header from C:\Windows\system32\SHLWAPI.dll
[0817/151138:ERROR:process_reader_win.cc(233)] ReadMemory at 0x76880000 of 64 bytes failed: Only part of a ReadProcessMemory or WriteProcessMemory request was completed. (0x12B)
[0817/151138:WARNING:pe_image_reader.cc(281)] could not read dos header from C:\Windows\system32\SHELL32.dll
[0817/151138:ERROR:process_reader_win.cc(233)] ReadMemory at 0x761b0000 of 64 bytes failed: Only part of a ReadProcessMemory or WriteProcessMemory request was completed. (0x12B)
[0817/151138:WARNING:pe_image_reader.cc(281)] could not read dos header from C:\Windows\system32\PSAPI.DLL
[0817/151138:ERROR:process_reader_win.cc(233)] ReadMemory at 0x71c70000 of 64 bytes failed: Only part of a ReadProcessMemory or WriteProcessMemory request was completed. (0x12B)
[0817/151138:WARNING:pe_image_reader.cc(281)] could not read dos header from C:\Windows\system32\WINSPOOL.DRV
[0817/151138:ERROR:process_reader_win.cc(233)] ReadMemory at 0x74f40000 of 64 bytes failed: Only part of a ReadProcessMemory or WriteProcessMemory request was completed. (0x12B)
[0817/151138:WARNING:pe_image_reader.cc(281)] could not read dos header from C:\Windows\WinSxS\x86_microsoft.windows.common-controls_6595b64144ccf1df_6.0.7601.17514_none_41e6975e2bd6f2b2\COMCTL32.dll
[0817/151138:ERROR:process_reader_win.cc(233)] ReadMemory at 0x77830000 of 64 bytes failed: Only part of a ReadProcessMemory or WriteProcessMemory request was completed. (0x12B)
[0817/151138:WARNING:pe_image_reader.cc(281)] could not read dos header from C:\Windows\system32\COMDLG32.dll
[0817/151138:ERROR:process_reader_win.cc(233)] ReadMemory at 0x766c0000 of 64 bytes failed: Only part of a ReadProcessMemory or WriteProcessMemory request was completed. (0x12B)
[0817/151138:WARNING:pe_image_reader.cc(281)] could not read dos header from C:\Windows\system32\ole32.dll
[0817/151138:ERROR:process_reader_win.cc(233)] ReadMemory at 0x77ab0000 of 64 bytes failed: Only part of a ReadProcessMemory or WriteProcessMemory request was completed. (0x12B)
[0817/151138:WARNING:pe_image_reader.cc(281)] could not read dos header from C:\Windows\system32\OLEAUT32.dll
[0817/151138:ERROR:process_reader_win.cc(233)] ReadMemory at 0x76820000 of 64 bytes failed: Only part of a ReadProcessMemory or WriteProcessMemory request was completed. (0x12B)
[0817/151138:WARNING:pe_image_reader.cc(281)] could not read dos header from C:\Windows\system32\NSI.dll
[0817/151138:ERROR:process_reader_win.cc(233)] ReadMemory at 0x74100000 of 64 bytes failed: Only part of a ReadProcessMemory or WriteProcessMemory request was completed. (0x12B)
[0817/151138:WARNING:pe_image_reader.cc(281)] could not read dos header from C:\Windows\system32\WINNSI.DLL
[0817/151138:ERROR:process_reader_win.cc(233)] ReadMemory at 0x74120000 of 64 bytes failed: Only part of a ReadProcessMemory or WriteProcessMemory request was completed. (0x12B)
[0817/151138:WARNING:pe_image_reader.cc(281)] could not read dos header from C:\Windows\system32\IPHLPAPI.DLL
[0817/151138:ERROR:process_reader_win.cc(233)] ReadMemory at 0x775d0000 of 64 bytes failed: Only part of a ReadProcessMemory or WriteProcessMemory request was completed. (0x12B)
[0817/151138:WARNING:pe_image_reader.cc(281)] could not read dos header from C:\Windows\system32\WS2_32.dll
[0817/151138:ERROR:process_reader_win.cc(233)] ReadMemory at 0x75f10000 of 64 bytes failed: Only part of a ReadProcessMemory or WriteProcessMemory request was completed. (0x12B)
[0817/151138:WARNING:pe_image_reader.cc(281)] could not read dos header from C:\Windows\system32\MSASN1.dll
[0817/151138:ERROR:process_reader_win.cc(233)] ReadMemory at 0x75f20000 of 64 bytes failed: Only part of a ReadProcessMemory or WriteProcessMemory request was completed. (0x12B)
[0817/151138:WARNING:pe_image_reader.cc(281)] could not read dos header from C:\Windows\system32\CRYPT32.dll
[0817/151138:ERROR:process_reader_win.cc(233)] ReadMemory at 0x76170000 of 64 bytes failed: Only part of a ReadProcessMemory or WriteProcessMemory request was completed. (0x12B)
[0817/151138:WARNING:pe_image_reader.cc(281)] could not read dos header from C:\Windows\system32\WINTRUST.dll
[0817/151138:ERROR:process_reader_win.cc(233)] ReadMemory at 0x75c80000 of 64 bytes failed: Only part of a ReadProcessMemory or WriteProcessMemory request was completed. (0x12B)
[0817/151138:WARNING:pe_image_reader.cc(281)] could not read dos header from C:\Windows\system32\Secur32.dll
[0817/151138:ERROR:process_reader_win.cc(233)] ReadMemory at 0x75db0000 of 64 bytes failed: Only part of a ReadProcessMemory or WriteProcessMemory request was completed. (0x12B)
[0817/151138:WARNING:pe_image_reader.cc(281)] could not read dos header from C:\Windows\system32\SSPICLI.DLL
[0817/151138:ERROR:process_reader_win.cc(233)] ReadMemory at 0x59e40000 of 64 bytes failed: Only part of a ReadProcessMemory or WriteProcessMemory request was completed. (0x12B)
[0817/151138:WARNING:pe_image_reader.cc(281)] could not read dos header from C:\Program Files\Google\Chrome\Application\52.0.2743.116\chrome_child.dll
[0817/151138:ERROR:process_reader_win.cc(233)] ReadMemory at 0x75e20000 of 64 bytes failed: Only part of a ReadProcessMemory or WriteProcessMemory request was completed. (0x12B)
[0817/151138:WARNING:pe_image_reader.cc(281)] could not read dos header from C:\Windows\system32\cryptbase.dll
[0817/151138:ERROR:process_reader_win.cc(233)] ReadMemory at 0x685b0000 of 64 bytes failed: Only part of a ReadProcessMemory or WriteProcessMemory request was completed. (0x12B)
[0817/151138:WARNING:pe_image_reader.cc(281)] could not read dos header from C:\Windows\system32\dwrite.dll
[0817/151138:ERROR:process_reader_win.cc(233)] ReadMemory at 0xdfbc4 of 12 bytes failed: Only part of a ReadProcessMemory or WriteProcessMemory request was completed. (0x12B)
[0817/151138:WARNING:process_snapshot_win.cc(104)] ReadMemory ExceptionInformation failed
[0817/151138:WARNING:crash_report_exception_handler.cc(60)] ProcessSnapshotWin::InitializeException failed
[0817/151138:ERROR:scoped_process_suspend.cc(38)] NtResumeProcess, ntstatus=-1073741558
[1025/134943:ERROR:scoped_process_suspend.cc(30)] NtSuspendProcess: An attempt was made to access an exiting process.  (0xc000010a)
[1025/134943:ERROR:process_info.cc(103)] ReadProcessMemory bool __cdecl crashpad::`anonymous-namespace'::ReadStruct<struct crashpad::process_types::PEB<struct crashpad::process_types::internal::Traits32>>(void *,unsigned __int64,struct crashpad::process_types::PEB<struct crashpad::process_types::internal::Traits32> *): Only part of a ReadProcessMemory or WriteProcessMemory request was completed. (0x12B)
[1025/134943:ERROR:process_info.cc(542)] ReadProcessData failed
[1025/134943:ERROR:process_reader_win.cc(233)] ReadMemory at 0x6ccc95ec of 12 bytes failed: Only part of a ReadProcessMemory or WriteProcessMemory request was completed. (0x12B)
[1025/134943:WARNING:process_snapshot_win.cc(68)] ReadMemory ExceptionInformation failed
[1025/134943:WARNING:crash_report_exception_handler.cc(56)] ProcessSnapshotWin::Initialize failed
[0316/140641.124:ERROR:process_reader_win.cc(142)] SuspendThread: Access is denied. (0x5)
[0316/140641.189:ERROR:exception_snapshot_win.cc(87)] thread ID 3088 not found in process
[0316/140641.189:WARNING:crash_report_exception_handler.cc(60)] ProcessSnapshotWin::Initialize failed
[0316/140641.189:ERROR:scoped_process_suspend.cc(38)] NtResumeProcess: An attempt was made to access an exiting process.  (0xc000010a)
[0404/163734.621:ERROR:scoped_process_suspend.cc(30)] NtSuspendProcess: An attempt was made to access an exiting process.  (0xc000010a)
[0404/163734.709:ERROR:process_info.cc(116)] ReadProcessMemory bool __cdecl crashpad::`anonymous-namespace'::ReadStruct<struct crashpad::process_types::PEB<struct crashpad::process_types::internal::Traits32>>(void *,unsigned __int64,struct crashpad::process_types::PEB<struct crashpad::process_types::internal::Traits32> *): Only part of a ReadProcessMemory or WriteProcessMemory request was completed. (0x12B)
[0404/163734.709:ERROR:process_info.cc(559)] ReadProcessData failed
[0404/163734.709:ERROR:process_reader_win.cc(233)] ReadMemory at 0x732d7dc8 of 12 bytes failed: Only part of a ReadProcessMemory or WriteProcessMemory request was completed. (0x12B)
[0404/163734.709:WARNING:process_snapshot_win.cc(68)] ReadMemory ExceptionInformation failed
[0404/163734.709:WARNING:crash_report_exception_handler.cc(60)] ProcessSnapshotWin::Initialize failed
